status file for recon-all
Tue Jan 16 07:24:02 UTC 2018
#@# MotionCor Tue Jan 16 07:24:28 UTC 2018
#@# Talairach Tue Jan 16 07:24:42 UTC 2018
#@# Talairach Failure Detection Tue Jan 16 07:36:35 UTC 2018
#@# Nu Intensity Correction Tue Jan 16 07:36:53 UTC 2018
#@# Intensity Normalization Tue Jan 16 08:10:47 UTC 2018
#@# Skull Stripping Tue Jan 16 08:14:18 UTC 2018
#@# EM Registration Tue Jan 16 08:53:27 UTC 2018
#@# CA Normalize Tue Jan 16 09:39:37 UTC 2018
#@# CA Reg Tue Jan 16 09:42:35 UTC 2018
#@# SubCort Seg Tue Jan 16 14:52:39 UTC 2018
#@# Merge ASeg Tue Jan 16 17:20:20 UTC 2018
#@# Intensity Normalization2 Tue Jan 16 17:20:20 UTC 2018
#@# Mask BFS Tue Jan 16 17:25:57 UTC 2018
#@# WM Segmentation Tue Jan 16 17:26:00 UTC 2018
#@# Fill Tue Jan 16 17:31:05 UTC 2018
#@# Tessellate lh Tue Jan 16 17:32:14 UTC 2018
#@# Tessellate rh Tue Jan 16 17:32:24 UTC 2018
#@# Smooth1 lh Tue Jan 16 17:32:35 UTC 2018
#@# Smooth1 rh Tue Jan 16 17:32:47 UTC 2018
#@# Inflation1 lh Tue Jan 16 17:32:58 UTC 2018
#@# Inflation1 rh Tue Jan 16 17:34:23 UTC 2018
#@# QSphere lh Tue Jan 16 17:35:55 UTC 2018
#@# QSphere rh Tue Jan 16 17:44:26 UTC 2018
#@# Fix Topology Copy lh Tue Jan 16 17:52:48 UTC 2018
#@# Fix Topology Copy rh Tue Jan 16 17:52:48 UTC 2018
#@# Fix Topology lh Tue Jan 16 17:52:48 UTC 2018
#@# Fix Topology rh Wed Jan 17 01:38:33 UTC 2018
#@# Make White Surf lh Wed Jan 17 04:54:16 UTC 2018
#@# Make White Surf rh Wed Jan 17 05:03:16 UTC 2018
#@# Smooth2 lh Wed Jan 17 05:12:09 UTC 2018
#@# Smooth2 rh Wed Jan 17 05:12:20 UTC 2018
#@# Inflation2 lh Wed Jan 17 05:12:30 UTC 2018
#@# Inflation2 rh Wed Jan 17 05:13:43 UTC 2018
#@# Curv .H and .K lh Wed Jan 17 05:15:01 UTC 2018
#@# Curv .H and .K rh Wed Jan 17 05:17:55 UTC 2018
#@# Curvature Stats lh Wed Jan 17 05:20:49 UTC 2018
#@# Curvature Stats rh Wed Jan 17 05:20:57 UTC 2018
#@# Sphere lh Wed Jan 17 05:21:04 UTC 2018
#@# Sphere rh Wed Jan 17 07:30:43 UTC 2018
#@# Surf Reg lh Wed Jan 17 09:50:17 UTC 2018
#@# Surf Reg rh Wed Jan 17 12:07:01 UTC 2018
#@# Jacobian white lh Wed Jan 17 14:53:49 UTC 2018
#@# Jacobian white rh Wed Jan 17 14:53:53 UTC 2018
#@# AvgCurv lh Wed Jan 17 14:53:57 UTC 2018
#@# AvgCurv rh Wed Jan 17 14:54:01 UTC 2018
#@# Cortical Parc lh Wed Jan 17 14:54:04 UTC 2018
#@# Cortical Parc rh Wed Jan 17 14:54:33 UTC 2018
#@# Make Pial Surf lh Wed Jan 17 14:55:02 UTC 2018
#@# Make Pial Surf rh Wed Jan 17 15:26:47 UTC 2018
#@# Surf Volume lh Wed Jan 17 15:55:54 UTC 2018
#@# Surf Volume rh Wed Jan 17 15:56:01 UTC 2018
#@# Cortical ribbon mask Wed Jan 17 15:56:07 UTC 2018
#@# Parcellation Stats lh Wed Jan 17 16:16:40 UTC 2018
#@# Parcellation Stats rh Wed Jan 17 16:19:26 UTC 2018
#@# Cortical Parc 2 lh Wed Jan 17 16:22:13 UTC 2018
#@# Cortical Parc 2 rh Wed Jan 17 16:22:51 UTC 2018
#@# Parcellation Stats 2 lh Wed Jan 17 16:23:28 UTC 2018
#@# Parcellation Stats 2 rh Wed Jan 17 16:24:53 UTC 2018
#@# Cortical Parc 3 lh Wed Jan 17 16:26:19 UTC 2018
#@# Cortical Parc 3 rh Wed Jan 17 16:26:48 UTC 2018
#@# Parcellation Stats 3 lh Wed Jan 17 16:27:18 UTC 2018
#@# Parcellation Stats 3 rh Wed Jan 17 16:28:38 UTC 2018
#@# WM/GM Contrast lh Wed Jan 17 16:30:00 UTC 2018
#@# WM/GM Contrast rh Wed Jan 17 16:30:12 UTC 2018
#@# Relabel Hypointensities Wed Jan 17 16:30:24 UTC 2018
#@# AParc-to-ASeg aparc Wed Jan 17 16:31:05 UTC 2018
#@# AParc-to-ASeg a2009s Wed Jan 17 16:40:32 UTC 2018
#@# AParc-to-ASeg DKTatlas Wed Jan 17 16:49:54 UTC 2018
#@# APas-to-ASeg Wed Jan 17 16:59:22 UTC 2018
#@# ASeg Stats Wed Jan 17 16:59:33 UTC 2018
#@# WMParc Wed Jan 17 17:04:08 UTC 2018
#@# BA_exvivo Labels lh Wed Jan 17 17:22:17 UTC 2018
#@# BA_exvivo Labels rh Wed Jan 17 17:32:11 UTC 2018
recon-all -s 4103 finished without error at Wed Jan 17 17:42:09 UTC 2018
