status file for recon-all
Wed Jan 17 19:38:25 UTC 2018
#@# MotionCor Wed Jan 17 19:39:03 UTC 2018
#@# Talairach Wed Jan 17 19:39:20 UTC 2018
#@# Talairach Failure Detection Wed Jan 17 19:44:37 UTC 2018
#@# Nu Intensity Correction Wed Jan 17 19:44:37 UTC 2018
#@# Intensity Normalization Wed Jan 17 19:55:07 UTC 2018
#@# Skull Stripping Wed Jan 17 19:59:30 UTC 2018
#@# EM Registration Wed Jan 17 20:41:58 UTC 2018
#@# CA Normalize Wed Jan 17 21:07:20 UTC 2018
#@# CA Reg Wed Jan 17 21:10:08 UTC 2018
#@# SubCort Seg Thu Jan 18 03:30:27 UTC 2018
#@# Merge ASeg Thu Jan 18 05:32:13 UTC 2018
#@# Intensity Normalization2 Thu Jan 18 05:32:13 UTC 2018
#@# Mask BFS Thu Jan 18 05:38:48 UTC 2018
#@# WM Segmentation Thu Jan 18 05:38:51 UTC 2018
#@# Fill Thu Jan 18 05:42:41 UTC 2018
#@# Tessellate lh Thu Jan 18 05:44:03 UTC 2018
#@# Tessellate rh Thu Jan 18 05:44:13 UTC 2018
#@# Smooth1 lh Thu Jan 18 05:44:23 UTC 2018
#@# Smooth1 rh Thu Jan 18 05:44:32 UTC 2018
#@# Inflation1 lh Thu Jan 18 05:44:42 UTC 2018
#@# Inflation1 rh Thu Jan 18 05:45:51 UTC 2018
#@# QSphere lh Thu Jan 18 05:47:01 UTC 2018
#@# QSphere rh Thu Jan 18 05:54:13 UTC 2018
#@# Fix Topology Copy lh Thu Jan 18 06:01:03 UTC 2018
#@# Fix Topology Copy rh Thu Jan 18 06:01:03 UTC 2018
#@# Fix Topology lh Thu Jan 18 06:01:03 UTC 2018
#@# Fix Topology rh Thu Jan 18 06:21:39 UTC 2018
#@# Make White Surf lh Thu Jan 18 06:57:47 UTC 2018
#@# Make White Surf rh Thu Jan 18 07:07:49 UTC 2018
#@# Smooth2 lh Thu Jan 18 07:17:14 UTC 2018
#@# Smooth2 rh Thu Jan 18 07:17:25 UTC 2018
#@# Inflation2 lh Thu Jan 18 07:17:35 UTC 2018
#@# Inflation2 rh Thu Jan 18 07:18:51 UTC 2018
#@# Curv .H and .K lh Thu Jan 18 07:20:08 UTC 2018
#@# Curv .H and .K rh Thu Jan 18 07:22:43 UTC 2018
#@# Curvature Stats lh Thu Jan 18 07:25:15 UTC 2018
#@# Curvature Stats rh Thu Jan 18 07:25:23 UTC 2018
#@# Sphere lh Thu Jan 18 07:25:30 UTC 2018
#@# Sphere rh Thu Jan 18 08:59:13 UTC 2018
#@# Surf Reg lh Thu Jan 18 10:27:07 UTC 2018
#@# Surf Reg rh Thu Jan 18 13:12:01 UTC 2018
#@# Jacobian white lh Thu Jan 18 15:18:36 UTC 2018
#@# Jacobian white rh Thu Jan 18 15:18:40 UTC 2018
#@# AvgCurv lh Thu Jan 18 15:18:44 UTC 2018
#@# AvgCurv rh Thu Jan 18 15:18:47 UTC 2018
#@# Cortical Parc lh Thu Jan 18 15:18:50 UTC 2018
#@# Cortical Parc rh Thu Jan 18 15:19:17 UTC 2018
#@# Make Pial Surf lh Thu Jan 18 15:19:42 UTC 2018
#@# Make Pial Surf rh Thu Jan 18 15:46:16 UTC 2018
#@# Surf Volume lh Thu Jan 18 16:13:29 UTC 2018
#@# Surf Volume rh Thu Jan 18 16:13:37 UTC 2018
#@# Cortical ribbon mask Thu Jan 18 16:13:44 UTC 2018
#@# Parcellation Stats lh Thu Jan 18 16:39:07 UTC 2018
#@# Parcellation Stats rh Thu Jan 18 16:41:40 UTC 2018
#@# Cortical Parc 2 lh Thu Jan 18 16:44:13 UTC 2018
#@# Cortical Parc 2 rh Thu Jan 18 16:44:47 UTC 2018
#@# Parcellation Stats 2 lh Thu Jan 18 16:45:21 UTC 2018
#@# Parcellation Stats 2 rh Thu Jan 18 16:46:42 UTC 2018
#@# Cortical Parc 3 lh Thu Jan 18 16:48:02 UTC 2018
#@# Cortical Parc 3 rh Thu Jan 18 16:48:32 UTC 2018
#@# Parcellation Stats 3 lh Thu Jan 18 16:48:59 UTC 2018
#@# Parcellation Stats 3 rh Thu Jan 18 16:50:19 UTC 2018
#@# WM/GM Contrast lh Thu Jan 18 16:51:34 UTC 2018
#@# WM/GM Contrast rh Thu Jan 18 16:51:46 UTC 2018
#@# Relabel Hypointensities Thu Jan 18 16:51:56 UTC 2018
#@# AParc-to-ASeg aparc Thu Jan 18 16:52:37 UTC 2018
#@# AParc-to-ASeg a2009s Thu Jan 18 17:01:05 UTC 2018
#@# AParc-to-ASeg DKTatlas Thu Jan 18 17:09:28 UTC 2018
#@# APas-to-ASeg Thu Jan 18 17:17:42 UTC 2018
#@# ASeg Stats Thu Jan 18 17:17:52 UTC 2018
#@# WMParc Thu Jan 18 17:22:02 UTC 2018
#@# BA_exvivo Labels lh Thu Jan 18 17:40:10 UTC 2018
#@# BA_exvivo Labels rh Thu Jan 18 17:49:27 UTC 2018
recon-all -s 3464 finished without error at Thu Jan 18 17:58:37 UTC 2018
