status file for recon-all
Wed Jan 17 19:37:15 UTC 2018
#@# MotionCor Wed Jan 17 19:37:20 UTC 2018
#@# Talairach Wed Jan 17 19:37:36 UTC 2018
#@# Talairach Failure Detection Wed Jan 17 19:43:25 UTC 2018
#@# Nu Intensity Correction Wed Jan 17 19:43:25 UTC 2018
#@# Intensity Normalization Wed Jan 17 19:54:26 UTC 2018
#@# Skull Stripping Wed Jan 17 19:58:41 UTC 2018
#@# EM Registration Wed Jan 17 20:30:18 UTC 2018
#@# CA Normalize Wed Jan 17 20:55:34 UTC 2018
#@# CA Reg Wed Jan 17 20:58:14 UTC 2018
#@# SubCort Seg Thu Jan 18 03:28:42 UTC 2018
#@# Merge ASeg Thu Jan 18 05:16:26 UTC 2018
#@# Intensity Normalization2 Thu Jan 18 05:16:26 UTC 2018
#@# Mask BFS Thu Jan 18 05:22:43 UTC 2018
#@# WM Segmentation Thu Jan 18 05:22:46 UTC 2018
#@# Fill Thu Jan 18 05:26:34 UTC 2018
#@# Tessellate lh Thu Jan 18 05:27:53 UTC 2018
#@# Tessellate rh Thu Jan 18 05:28:02 UTC 2018
#@# Smooth1 lh Thu Jan 18 05:28:10 UTC 2018
#@# Smooth1 rh Thu Jan 18 05:28:19 UTC 2018
#@# Inflation1 lh Thu Jan 18 05:28:29 UTC 2018
#@# Inflation1 rh Thu Jan 18 05:29:31 UTC 2018
#@# QSphere lh Thu Jan 18 05:30:35 UTC 2018
#@# QSphere rh Thu Jan 18 05:36:39 UTC 2018
#@# Fix Topology Copy lh Thu Jan 18 05:43:39 UTC 2018
#@# Fix Topology Copy rh Thu Jan 18 05:43:39 UTC 2018
#@# Fix Topology lh Thu Jan 18 05:43:39 UTC 2018
#@# Fix Topology rh Thu Jan 18 05:57:34 UTC 2018
#@# Make White Surf lh Thu Jan 18 06:13:06 UTC 2018
#@# Make White Surf rh Thu Jan 18 06:21:10 UTC 2018
#@# Smooth2 lh Thu Jan 18 06:29:17 UTC 2018
#@# Smooth2 rh Thu Jan 18 06:29:26 UTC 2018
#@# Inflation2 lh Thu Jan 18 06:29:34 UTC 2018
#@# Inflation2 rh Thu Jan 18 06:30:29 UTC 2018
#@# Curv .H and .K lh Thu Jan 18 06:31:27 UTC 2018
#@# Curv .H and .K rh Thu Jan 18 06:33:33 UTC 2018
#@# Curvature Stats lh Thu Jan 18 06:35:42 UTC 2018
#@# Curvature Stats rh Thu Jan 18 06:35:48 UTC 2018
#@# Sphere lh Thu Jan 18 06:35:54 UTC 2018
#@# Sphere rh Thu Jan 18 07:56:32 UTC 2018
#@# Surf Reg lh Thu Jan 18 09:11:38 UTC 2018
#@# Surf Reg rh Thu Jan 18 10:43:39 UTC 2018
#@# Jacobian white lh Thu Jan 18 12:47:33 UTC 2018
#@# Jacobian white rh Thu Jan 18 12:47:36 UTC 2018
#@# AvgCurv lh Thu Jan 18 12:47:39 UTC 2018
#@# AvgCurv rh Thu Jan 18 12:47:43 UTC 2018
#@# Cortical Parc lh Thu Jan 18 12:47:45 UTC 2018
#@# Cortical Parc rh Thu Jan 18 12:48:12 UTC 2018
#@# Make Pial Surf lh Thu Jan 18 12:48:38 UTC 2018
#@# Make Pial Surf rh Thu Jan 18 13:13:07 UTC 2018
#@# Surf Volume lh Thu Jan 18 13:37:11 UTC 2018
#@# Surf Volume rh Thu Jan 18 13:37:18 UTC 2018
#@# Cortical ribbon mask Thu Jan 18 13:37:24 UTC 2018
#@# Parcellation Stats lh Thu Jan 18 14:02:48 UTC 2018
#@# Parcellation Stats rh Thu Jan 18 14:05:16 UTC 2018
#@# Cortical Parc 2 lh Thu Jan 18 14:07:45 UTC 2018
#@# Cortical Parc 2 rh Thu Jan 18 14:08:19 UTC 2018
#@# Parcellation Stats 2 lh Thu Jan 18 14:08:52 UTC 2018
#@# Parcellation Stats 2 rh Thu Jan 18 14:10:07 UTC 2018
#@# Cortical Parc 3 lh Thu Jan 18 14:11:22 UTC 2018
#@# Cortical Parc 3 rh Thu Jan 18 14:11:47 UTC 2018
#@# Parcellation Stats 3 lh Thu Jan 18 14:12:14 UTC 2018
#@# Parcellation Stats 3 rh Thu Jan 18 14:13:26 UTC 2018
#@# WM/GM Contrast lh Thu Jan 18 14:14:40 UTC 2018
#@# WM/GM Contrast rh Thu Jan 18 14:14:51 UTC 2018
#@# Relabel Hypointensities Thu Jan 18 14:15:00 UTC 2018
#@# AParc-to-ASeg aparc Thu Jan 18 14:15:41 UTC 2018
#@# AParc-to-ASeg a2009s Thu Jan 18 14:23:55 UTC 2018
#@# AParc-to-ASeg DKTatlas Thu Jan 18 14:32:06 UTC 2018
#@# APas-to-ASeg Thu Jan 18 14:40:19 UTC 2018
#@# ASeg Stats Thu Jan 18 14:40:31 UTC 2018
#@# WMParc Thu Jan 18 14:47:37 UTC 2018
#@# BA_exvivo Labels lh Thu Jan 18 15:05:54 UTC 2018
#@# BA_exvivo Labels rh Thu Jan 18 15:14:17 UTC 2018
recon-all -s 3457 finished without error at Thu Jan 18 15:22:34 UTC 2018
