status file for recon-all
Tue Jan 16 07:27:11 UTC 2018
#@# MotionCor Tue Jan 16 07:28:20 UTC 2018
#@# Talairach Tue Jan 16 07:28:54 UTC 2018
#@# Talairach Failure Detection Tue Jan 16 07:49:10 UTC 2018
#@# Nu Intensity Correction Tue Jan 16 07:49:10 UTC 2018
#@# Intensity Normalization Tue Jan 16 08:22:11 UTC 2018
#@# Skull Stripping Tue Jan 16 08:26:03 UTC 2018
#@# EM Registration Tue Jan 16 09:06:37 UTC 2018
#@# CA Normalize Tue Jan 16 09:41:01 UTC 2018
#@# CA Reg Tue Jan 16 09:44:05 UTC 2018
#@# SubCort Seg Tue Jan 16 15:24:22 UTC 2018
#@# Merge ASeg Tue Jan 16 17:26:19 UTC 2018
#@# Intensity Normalization2 Tue Jan 16 17:26:19 UTC 2018
#@# Mask BFS Tue Jan 16 17:31:56 UTC 2018
#@# WM Segmentation Tue Jan 16 17:31:58 UTC 2018
#@# Fill Tue Jan 16 17:36:24 UTC 2018
#@# Tessellate lh Tue Jan 16 17:37:36 UTC 2018
#@# Tessellate rh Tue Jan 16 17:37:45 UTC 2018
#@# Smooth1 lh Tue Jan 16 17:37:56 UTC 2018
#@# Smooth1 rh Tue Jan 16 17:38:04 UTC 2018
#@# Inflation1 lh Tue Jan 16 17:38:15 UTC 2018
#@# Inflation1 rh Tue Jan 16 17:39:16 UTC 2018
#@# QSphere lh Tue Jan 16 17:40:17 UTC 2018
#@# QSphere rh Tue Jan 16 17:46:26 UTC 2018
#@# Fix Topology Copy lh Tue Jan 16 17:52:52 UTC 2018
#@# Fix Topology Copy rh Tue Jan 16 17:52:52 UTC 2018
#@# Fix Topology lh Tue Jan 16 17:52:52 UTC 2018
#@# Fix Topology rh Tue Jan 16 18:43:35 UTC 2018
#@# Make White Surf lh Tue Jan 16 19:41:49 UTC 2018
#@# Make White Surf rh Tue Jan 16 19:49:27 UTC 2018
#@# Smooth2 lh Tue Jan 16 19:57:10 UTC 2018
#@# Smooth2 rh Tue Jan 16 19:57:19 UTC 2018
#@# Inflation2 lh Tue Jan 16 19:57:28 UTC 2018
#@# Inflation2 rh Tue Jan 16 19:58:25 UTC 2018
#@# Curv .H and .K lh Tue Jan 16 19:59:25 UTC 2018
#@# Curv .H and .K rh Tue Jan 16 20:01:44 UTC 2018
#@# Curvature Stats lh Tue Jan 16 20:04:01 UTC 2018
#@# Curvature Stats rh Tue Jan 16 20:04:07 UTC 2018
#@# Sphere lh Tue Jan 16 20:04:13 UTC 2018
#@# Sphere rh Tue Jan 16 21:19:16 UTC 2018
#@# Surf Reg lh Tue Jan 16 22:29:56 UTC 2018
#@# Surf Reg rh Wed Jan 17 00:08:41 UTC 2018
#@# Jacobian white lh Wed Jan 17 02:01:25 UTC 2018
#@# Jacobian white rh Wed Jan 17 02:01:29 UTC 2018
#@# AvgCurv lh Wed Jan 17 02:01:31 UTC 2018
#@# AvgCurv rh Wed Jan 17 02:01:35 UTC 2018
#@# Cortical Parc lh Wed Jan 17 02:01:37 UTC 2018
#@# Cortical Parc rh Wed Jan 17 02:02:05 UTC 2018
#@# Make Pial Surf lh Wed Jan 17 02:02:31 UTC 2018
#@# Make Pial Surf rh Wed Jan 17 02:26:52 UTC 2018
#@# Surf Volume lh Wed Jan 17 02:51:55 UTC 2018
#@# Surf Volume rh Wed Jan 17 02:52:02 UTC 2018
#@# Cortical ribbon mask Wed Jan 17 02:52:08 UTC 2018
#@# Parcellation Stats lh Wed Jan 17 03:19:31 UTC 2018
#@# Parcellation Stats rh Wed Jan 17 03:22:11 UTC 2018
#@# Cortical Parc 2 lh Wed Jan 17 03:24:46 UTC 2018
#@# Cortical Parc 2 rh Wed Jan 17 03:25:22 UTC 2018
#@# Parcellation Stats 2 lh Wed Jan 17 03:26:00 UTC 2018
#@# Parcellation Stats 2 rh Wed Jan 17 03:27:25 UTC 2018
#@# Cortical Parc 3 lh Wed Jan 17 03:28:46 UTC 2018
#@# Cortical Parc 3 rh Wed Jan 17 03:29:18 UTC 2018
#@# Parcellation Stats 3 lh Wed Jan 17 03:29:48 UTC 2018
#@# Parcellation Stats 3 rh Wed Jan 17 03:31:09 UTC 2018
#@# WM/GM Contrast lh Wed Jan 17 03:32:30 UTC 2018
#@# WM/GM Contrast rh Wed Jan 17 03:32:44 UTC 2018
#@# Relabel Hypointensities Wed Jan 17 03:32:56 UTC 2018
#@# AParc-to-ASeg aparc Wed Jan 17 03:33:43 UTC 2018
#@# AParc-to-ASeg a2009s Wed Jan 17 03:42:57 UTC 2018
#@# AParc-to-ASeg DKTatlas Wed Jan 17 03:52:06 UTC 2018
#@# APas-to-ASeg Wed Jan 17 04:00:58 UTC 2018
#@# ASeg Stats Wed Jan 17 04:01:10 UTC 2018
#@# WMParc Wed Jan 17 04:07:47 UTC 2018
#@# BA_exvivo Labels lh Wed Jan 17 04:28:15 UTC 2018
#@# BA_exvivo Labels rh Wed Jan 17 04:37:21 UTC 2018
recon-all -s 4109 finished without error at Wed Jan 17 04:46:17 UTC 2018
