status file for recon-all
Tue Jan 16 07:25:01 UTC 2018
#@# MotionCor Tue Jan 16 07:25:22 UTC 2018
#@# Talairach Tue Jan 16 07:25:57 UTC 2018
#@# Talairach Failure Detection Tue Jan 16 07:44:59 UTC 2018
#@# Nu Intensity Correction Tue Jan 16 07:45:00 UTC 2018
#@# Intensity Normalization Tue Jan 16 08:20:00 UTC 2018
#@# Skull Stripping Tue Jan 16 08:24:01 UTC 2018
#@# EM Registration Tue Jan 16 09:07:18 UTC 2018
#@# CA Normalize Tue Jan 16 09:46:25 UTC 2018
#@# CA Reg Tue Jan 16 09:49:12 UTC 2018
#@# SubCort Seg Tue Jan 16 14:51:58 UTC 2018
#@# Merge ASeg Tue Jan 16 17:09:57 UTC 2018
#@# Intensity Normalization2 Tue Jan 16 17:09:57 UTC 2018
#@# Mask BFS Tue Jan 16 17:15:31 UTC 2018
#@# WM Segmentation Tue Jan 16 17:15:33 UTC 2018
#@# Fill Tue Jan 16 17:20:10 UTC 2018
#@# Tessellate lh Tue Jan 16 17:21:18 UTC 2018
#@# Tessellate rh Tue Jan 16 17:21:27 UTC 2018
#@# Smooth1 lh Tue Jan 16 17:21:37 UTC 2018
#@# Smooth1 rh Tue Jan 16 17:21:47 UTC 2018
#@# Inflation1 lh Tue Jan 16 17:21:58 UTC 2018
#@# Inflation1 rh Tue Jan 16 17:23:08 UTC 2018
#@# QSphere lh Tue Jan 16 17:24:16 UTC 2018
#@# QSphere rh Tue Jan 16 17:31:24 UTC 2018
#@# Fix Topology Copy lh Tue Jan 16 17:38:41 UTC 2018
#@# Fix Topology Copy rh Tue Jan 16 17:38:41 UTC 2018
#@# Fix Topology lh Tue Jan 16 17:38:41 UTC 2018
#@# Fix Topology rh Tue Jan 16 19:41:26 UTC 2018
#@# Make White Surf lh Tue Jan 16 21:20:43 UTC 2018
#@# Make White Surf rh Tue Jan 16 21:29:34 UTC 2018
#@# Smooth2 lh Tue Jan 16 21:38:21 UTC 2018
#@# Smooth2 rh Tue Jan 16 21:38:32 UTC 2018
#@# Inflation2 lh Tue Jan 16 21:38:43 UTC 2018
#@# Inflation2 rh Tue Jan 16 21:39:48 UTC 2018
#@# Curv .H and .K lh Tue Jan 16 21:40:55 UTC 2018
#@# Curv .H and .K rh Tue Jan 16 21:43:28 UTC 2018
#@# Curvature Stats lh Tue Jan 16 21:45:57 UTC 2018
#@# Curvature Stats rh Tue Jan 16 21:46:04 UTC 2018
#@# Sphere lh Tue Jan 16 21:46:10 UTC 2018
#@# Sphere rh Tue Jan 16 23:16:30 UTC 2018
#@# Surf Reg lh Wed Jan 17 00:41:33 UTC 2018
#@# Surf Reg rh Wed Jan 17 02:52:02 UTC 2018
#@# Jacobian white lh Wed Jan 17 04:58:03 UTC 2018
#@# Jacobian white rh Wed Jan 17 04:58:06 UTC 2018
#@# AvgCurv lh Wed Jan 17 04:58:10 UTC 2018
#@# AvgCurv rh Wed Jan 17 04:58:13 UTC 2018
#@# Cortical Parc lh Wed Jan 17 04:58:15 UTC 2018
#@# Cortical Parc rh Wed Jan 17 04:58:40 UTC 2018
#@# Make Pial Surf lh Wed Jan 17 04:59:05 UTC 2018
#@# Make Pial Surf rh Wed Jan 17 05:26:28 UTC 2018
#@# Surf Volume lh Wed Jan 17 05:53:30 UTC 2018
#@# Surf Volume rh Wed Jan 17 05:53:37 UTC 2018
#@# Cortical ribbon mask Wed Jan 17 05:53:43 UTC 2018
#@# Parcellation Stats lh Wed Jan 17 06:24:53 UTC 2018
#@# Parcellation Stats rh Wed Jan 17 06:27:23 UTC 2018
#@# Cortical Parc 2 lh Wed Jan 17 06:29:59 UTC 2018
#@# Cortical Parc 2 rh Wed Jan 17 06:30:35 UTC 2018
#@# Parcellation Stats 2 lh Wed Jan 17 06:31:12 UTC 2018
#@# Parcellation Stats 2 rh Wed Jan 17 06:32:35 UTC 2018
#@# Cortical Parc 3 lh Wed Jan 17 06:33:59 UTC 2018
#@# Cortical Parc 3 rh Wed Jan 17 06:34:28 UTC 2018
#@# Parcellation Stats 3 lh Wed Jan 17 06:34:55 UTC 2018
#@# Parcellation Stats 3 rh Wed Jan 17 06:36:15 UTC 2018
#@# WM/GM Contrast lh Wed Jan 17 06:37:32 UTC 2018
#@# WM/GM Contrast rh Wed Jan 17 06:37:44 UTC 2018
#@# Relabel Hypointensities Wed Jan 17 06:37:55 UTC 2018
#@# AParc-to-ASeg aparc Wed Jan 17 06:38:40 UTC 2018
#@# AParc-to-ASeg a2009s Wed Jan 17 06:47:22 UTC 2018
#@# AParc-to-ASeg DKTatlas Wed Jan 17 06:55:59 UTC 2018
#@# APas-to-ASeg Wed Jan 17 07:04:40 UTC 2018
#@# ASeg Stats Wed Jan 17 07:04:51 UTC 2018
#@# WMParc Wed Jan 17 07:11:31 UTC 2018
#@# BA_exvivo Labels lh Wed Jan 17 07:29:29 UTC 2018
#@# BA_exvivo Labels rh Wed Jan 17 07:38:36 UTC 2018
recon-all -s 4105 finished without error at Wed Jan 17 07:47:31 UTC 2018
