status file for recon-all
Wed Jan 17 19:39:28 UTC 2018
#@# MotionCor Wed Jan 17 19:40:02 UTC 2018
#@# Talairach Wed Jan 17 19:40:16 UTC 2018
#@# Talairach Failure Detection Wed Jan 17 19:47:00 UTC 2018
#@# Nu Intensity Correction Wed Jan 17 19:47:00 UTC 2018
#@# Intensity Normalization Wed Jan 17 19:56:36 UTC 2018
#@# Skull Stripping Wed Jan 17 20:01:12 UTC 2018
#@# EM Registration Wed Jan 17 20:37:49 UTC 2018
#@# CA Normalize Wed Jan 17 21:07:37 UTC 2018
#@# CA Reg Wed Jan 17 21:10:38 UTC 2018
#@# SubCort Seg Thu Jan 18 03:24:44 UTC 2018
#@# Merge ASeg Thu Jan 18 05:33:20 UTC 2018
#@# Intensity Normalization2 Thu Jan 18 05:33:20 UTC 2018
#@# Mask BFS Thu Jan 18 05:39:32 UTC 2018
#@# WM Segmentation Thu Jan 18 05:39:34 UTC 2018
#@# Fill Thu Jan 18 05:43:25 UTC 2018
#@# Tessellate lh Thu Jan 18 05:44:49 UTC 2018
#@# Tessellate rh Thu Jan 18 05:44:59 UTC 2018
#@# Smooth1 lh Thu Jan 18 05:45:09 UTC 2018
#@# Smooth1 rh Thu Jan 18 05:45:18 UTC 2018
#@# Inflation1 lh Thu Jan 18 05:45:28 UTC 2018
#@# Inflation1 rh Thu Jan 18 05:46:33 UTC 2018
#@# QSphere lh Thu Jan 18 05:47:46 UTC 2018
#@# QSphere rh Thu Jan 18 05:54:50 UTC 2018
#@# Fix Topology Copy lh Thu Jan 18 06:01:14 UTC 2018
#@# Fix Topology Copy rh Thu Jan 18 06:01:15 UTC 2018
#@# Fix Topology lh Thu Jan 18 06:01:15 UTC 2018
#@# Fix Topology rh Thu Jan 18 06:20:03 UTC 2018
#@# Make White Surf lh Thu Jan 18 06:36:32 UTC 2018
#@# Make White Surf rh Thu Jan 18 06:44:57 UTC 2018
#@# Smooth2 lh Thu Jan 18 06:53:48 UTC 2018
#@# Smooth2 rh Thu Jan 18 06:53:57 UTC 2018
#@# Inflation2 lh Thu Jan 18 06:54:06 UTC 2018
#@# Inflation2 rh Thu Jan 18 06:55:11 UTC 2018
#@# Curv .H and .K lh Thu Jan 18 06:56:25 UTC 2018
#@# Curv .H and .K rh Thu Jan 18 06:58:40 UTC 2018
#@# Curvature Stats lh Thu Jan 18 07:00:49 UTC 2018
#@# Curvature Stats rh Thu Jan 18 07:00:55 UTC 2018
#@# Sphere lh Thu Jan 18 07:01:02 UTC 2018
#@# Sphere rh Thu Jan 18 08:24:02 UTC 2018
#@# Surf Reg lh Thu Jan 18 09:34:56 UTC 2018
#@# Surf Reg rh Thu Jan 18 11:17:10 UTC 2018
#@# Jacobian white lh Thu Jan 18 13:12:57 UTC 2018
#@# Jacobian white rh Thu Jan 18 13:13:01 UTC 2018
#@# AvgCurv lh Thu Jan 18 13:13:04 UTC 2018
#@# AvgCurv rh Thu Jan 18 13:13:07 UTC 2018
#@# Cortical Parc lh Thu Jan 18 13:13:11 UTC 2018
#@# Cortical Parc rh Thu Jan 18 13:13:37 UTC 2018
#@# Make Pial Surf lh Thu Jan 18 13:14:03 UTC 2018
#@# Make Pial Surf rh Thu Jan 18 13:39:24 UTC 2018
#@# Surf Volume lh Thu Jan 18 14:05:44 UTC 2018
#@# Surf Volume rh Thu Jan 18 14:05:51 UTC 2018
#@# Cortical ribbon mask Thu Jan 18 14:05:58 UTC 2018
#@# Parcellation Stats lh Thu Jan 18 14:28:13 UTC 2018
#@# Parcellation Stats rh Thu Jan 18 14:30:34 UTC 2018
#@# Cortical Parc 2 lh Thu Jan 18 14:32:54 UTC 2018
#@# Cortical Parc 2 rh Thu Jan 18 14:33:29 UTC 2018
#@# Parcellation Stats 2 lh Thu Jan 18 14:34:05 UTC 2018
#@# Parcellation Stats 2 rh Thu Jan 18 14:35:20 UTC 2018
#@# Cortical Parc 3 lh Thu Jan 18 14:36:34 UTC 2018
#@# Cortical Parc 3 rh Thu Jan 18 14:37:00 UTC 2018
#@# Parcellation Stats 3 lh Thu Jan 18 14:37:26 UTC 2018
#@# Parcellation Stats 3 rh Thu Jan 18 14:38:40 UTC 2018
#@# WM/GM Contrast lh Thu Jan 18 14:39:54 UTC 2018
#@# WM/GM Contrast rh Thu Jan 18 14:40:04 UTC 2018
#@# Relabel Hypointensities Thu Jan 18 14:40:14 UTC 2018
#@# AParc-to-ASeg aparc Thu Jan 18 14:40:56 UTC 2018
#@# AParc-to-ASeg a2009s Thu Jan 18 14:49:07 UTC 2018
#@# AParc-to-ASeg DKTatlas Thu Jan 18 14:57:30 UTC 2018
#@# APas-to-ASeg Thu Jan 18 15:05:53 UTC 2018
#@# ASeg Stats Thu Jan 18 15:06:05 UTC 2018
#@# WMParc Thu Jan 18 15:12:37 UTC 2018
#@# BA_exvivo Labels lh Thu Jan 18 15:30:12 UTC 2018
#@# BA_exvivo Labels rh Thu Jan 18 15:38:39 UTC 2018
recon-all -s 3467 finished without error at Thu Jan 18 15:47:00 UTC 2018
