status file for recon-all
Thu Jan 18 19:45:33 UTC 2018
#@# MotionCor Thu Jan 18 19:45:39 UTC 2018
#@# Talairach Thu Jan 18 19:45:52 UTC 2018
#@# Talairach Failure Detection Thu Jan 18 19:54:06 UTC 2018
#@# Nu Intensity Correction Thu Jan 18 19:54:12 UTC 2018
#@# Intensity Normalization Thu Jan 18 20:05:47 UTC 2018
#@# Skull Stripping Thu Jan 18 20:10:13 UTC 2018
#@# EM Registration Thu Jan 18 20:50:15 UTC 2018
#@# CA Normalize Thu Jan 18 21:25:33 UTC 2018
#@# CA Reg Thu Jan 18 21:28:44 UTC 2018
#@# SubCort Seg Fri Jan 19 03:34:39 UTC 2018
#@# Merge ASeg Fri Jan 19 05:54:44 UTC 2018
#@# Intensity Normalization2 Fri Jan 19 05:54:44 UTC 2018
#@# Mask BFS Fri Jan 19 06:00:47 UTC 2018
#@# WM Segmentation Fri Jan 19 06:00:51 UTC 2018
#@# Fill Fri Jan 19 06:04:59 UTC 2018
#@# Tessellate lh Fri Jan 19 06:06:25 UTC 2018
#@# Tessellate rh Fri Jan 19 06:06:36 UTC 2018
#@# Smooth1 lh Fri Jan 19 06:06:50 UTC 2018
#@# Smooth1 rh Fri Jan 19 06:07:01 UTC 2018
#@# Inflation1 lh Fri Jan 19 06:07:12 UTC 2018
#@# Inflation1 rh Fri Jan 19 06:08:23 UTC 2018
#@# QSphere lh Fri Jan 19 06:09:38 UTC 2018
#@# QSphere rh Fri Jan 19 06:16:51 UTC 2018
#@# Fix Topology Copy lh Fri Jan 19 06:24:13 UTC 2018
#@# Fix Topology Copy rh Fri Jan 19 06:24:13 UTC 2018
#@# Fix Topology lh Fri Jan 19 06:24:13 UTC 2018
#@# Fix Topology rh Fri Jan 19 07:36:52 UTC 2018
#@# Make White Surf lh Fri Jan 19 08:32:49 UTC 2018
#@# Make White Surf rh Fri Jan 19 08:42:03 UTC 2018
#@# Smooth2 lh Fri Jan 19 08:51:57 UTC 2018
#@# Smooth2 rh Fri Jan 19 08:52:07 UTC 2018
#@# Inflation2 lh Fri Jan 19 08:52:17 UTC 2018
#@# Inflation2 rh Fri Jan 19 08:53:27 UTC 2018
#@# Curv .H and .K lh Fri Jan 19 08:54:39 UTC 2018
#@# Curv .H and .K rh Fri Jan 19 08:57:14 UTC 2018
#@# Curvature Stats lh Fri Jan 19 08:59:48 UTC 2018
#@# Curvature Stats rh Fri Jan 19 08:59:56 UTC 2018
#@# Sphere lh Fri Jan 19 09:00:03 UTC 2018
#@# Sphere rh Fri Jan 19 10:28:05 UTC 2018
#@# Surf Reg lh Fri Jan 19 11:59:03 UTC 2018
#@# Surf Reg rh Fri Jan 19 13:49:04 UTC 2018
#@# Jacobian white lh Fri Jan 19 16:27:41 UTC 2018
#@# Jacobian white rh Fri Jan 19 16:27:44 UTC 2018
#@# AvgCurv lh Fri Jan 19 16:27:48 UTC 2018
#@# AvgCurv rh Fri Jan 19 16:27:51 UTC 2018
#@# Cortical Parc lh Fri Jan 19 16:27:55 UTC 2018
#@# Cortical Parc rh Fri Jan 19 16:28:22 UTC 2018
#@# Make Pial Surf lh Fri Jan 19 16:28:49 UTC 2018
#@# Make Pial Surf rh Fri Jan 19 16:55:53 UTC 2018
#@# Surf Volume lh Fri Jan 19 17:23:51 UTC 2018
#@# Surf Volume rh Fri Jan 19 17:23:57 UTC 2018
#@# Cortical ribbon mask Fri Jan 19 17:24:04 UTC 2018
#@# Parcellation Stats lh Fri Jan 19 17:56:45 UTC 2018
#@# Parcellation Stats rh Fri Jan 19 17:59:31 UTC 2018
#@# Cortical Parc 2 lh Fri Jan 19 18:02:17 UTC 2018
#@# Cortical Parc 2 rh Fri Jan 19 18:02:55 UTC 2018
#@# Parcellation Stats 2 lh Fri Jan 19 18:03:36 UTC 2018
#@# Parcellation Stats 2 rh Fri Jan 19 18:04:59 UTC 2018
#@# Cortical Parc 3 lh Fri Jan 19 18:06:28 UTC 2018
#@# Cortical Parc 3 rh Fri Jan 19 18:06:58 UTC 2018
#@# Parcellation Stats 3 lh Fri Jan 19 18:07:28 UTC 2018
#@# Parcellation Stats 3 rh Fri Jan 19 18:08:48 UTC 2018
#@# WM/GM Contrast lh Fri Jan 19 18:10:12 UTC 2018
#@# WM/GM Contrast rh Fri Jan 19 18:10:24 UTC 2018
#@# Relabel Hypointensities Fri Jan 19 18:10:35 UTC 2018
#@# AParc-to-ASeg aparc Fri Jan 19 18:11:15 UTC 2018
#@# AParc-to-ASeg a2009s Fri Jan 19 18:19:53 UTC 2018
#@# AParc-to-ASeg DKTatlas Fri Jan 19 18:28:19 UTC 2018
#@# APas-to-ASeg Fri Jan 19 18:36:26 UTC 2018
#@# ASeg Stats Fri Jan 19 18:36:37 UTC 2018
#@# WMParc Fri Jan 19 18:42:02 UTC 2018
#@# BA_exvivo Labels lh Fri Jan 19 19:00:27 UTC 2018
#@# BA_exvivo Labels rh Fri Jan 19 19:09:35 UTC 2018
recon-all -s 3001 finished without error at Fri Jan 19 19:18:39 UTC 2018
