status file for recon-all
Thu Jan 18 19:47:46 UTC 2018
#@# MotionCor Thu Jan 18 19:49:04 UTC 2018
#@# Talairach Thu Jan 18 19:49:19 UTC 2018
#@# Talairach Failure Detection Thu Jan 18 19:56:43 UTC 2018
#@# Nu Intensity Correction Thu Jan 18 19:56:43 UTC 2018
#@# Intensity Normalization Thu Jan 18 20:08:24 UTC 2018
#@# Skull Stripping Thu Jan 18 20:12:44 UTC 2018
#@# EM Registration Thu Jan 18 21:12:34 UTC 2018
#@# CA Normalize Thu Jan 18 21:59:59 UTC 2018
#@# CA Reg Thu Jan 18 22:03:23 UTC 2018
#@# SubCort Seg Fri Jan 19 03:27:30 UTC 2018
#@# Merge ASeg Fri Jan 19 05:33:52 UTC 2018
#@# Intensity Normalization2 Fri Jan 19 05:33:52 UTC 2018
#@# Mask BFS Fri Jan 19 05:39:58 UTC 2018
#@# WM Segmentation Fri Jan 19 05:40:01 UTC 2018
#@# Fill Fri Jan 19 05:43:56 UTC 2018
#@# Tessellate lh Fri Jan 19 05:45:13 UTC 2018
#@# Tessellate rh Fri Jan 19 05:45:23 UTC 2018
#@# Smooth1 lh Fri Jan 19 05:45:33 UTC 2018
#@# Smooth1 rh Fri Jan 19 05:45:44 UTC 2018
#@# Inflation1 lh Fri Jan 19 05:45:54 UTC 2018
#@# Inflation1 rh Fri Jan 19 05:47:08 UTC 2018
#@# QSphere lh Fri Jan 19 05:48:15 UTC 2018
#@# QSphere rh Fri Jan 19 05:55:35 UTC 2018
#@# Fix Topology Copy lh Fri Jan 19 06:02:53 UTC 2018
#@# Fix Topology Copy rh Fri Jan 19 06:02:53 UTC 2018
#@# Fix Topology lh Fri Jan 19 06:02:54 UTC 2018
#@# Fix Topology rh Fri Jan 19 08:01:31 UTC 2018
#@# Make White Surf lh Fri Jan 19 10:18:10 UTC 2018
#@# Make White Surf rh Fri Jan 19 10:28:27 UTC 2018
#@# Smooth2 lh Fri Jan 19 10:37:39 UTC 2018
#@# Smooth2 rh Fri Jan 19 10:37:49 UTC 2018
#@# Inflation2 lh Fri Jan 19 10:37:58 UTC 2018
#@# Inflation2 rh Fri Jan 19 10:39:07 UTC 2018
#@# Curv .H and .K lh Fri Jan 19 10:40:20 UTC 2018
#@# Curv .H and .K rh Fri Jan 19 10:43:01 UTC 2018
#@# Curvature Stats lh Fri Jan 19 10:45:48 UTC 2018
#@# Curvature Stats rh Fri Jan 19 10:45:57 UTC 2018
#@# Sphere lh Fri Jan 19 10:46:04 UTC 2018
#@# Sphere rh Fri Jan 19 12:32:47 UTC 2018
#@# Surf Reg lh Fri Jan 19 14:24:19 UTC 2018
#@# Surf Reg rh Fri Jan 19 16:36:06 UTC 2018
#@# Jacobian white lh Fri Jan 19 18:31:00 UTC 2018
#@# Jacobian white rh Fri Jan 19 18:31:04 UTC 2018
#@# AvgCurv lh Fri Jan 19 18:31:08 UTC 2018
#@# AvgCurv rh Fri Jan 19 18:31:11 UTC 2018
#@# Cortical Parc lh Fri Jan 19 18:31:15 UTC 2018
#@# Cortical Parc rh Fri Jan 19 18:31:42 UTC 2018
#@# Make Pial Surf lh Fri Jan 19 18:32:08 UTC 2018
#@# Make Pial Surf rh Fri Jan 19 18:59:15 UTC 2018
#@# Surf Volume lh Fri Jan 19 19:25:21 UTC 2018
#@# Surf Volume rh Fri Jan 19 19:25:28 UTC 2018
#@# Cortical ribbon mask Fri Jan 19 19:25:33 UTC 2018
#@# Parcellation Stats lh Fri Jan 19 19:49:44 UTC 2018
#@# Parcellation Stats rh Fri Jan 19 19:52:19 UTC 2018
#@# Cortical Parc 2 lh Fri Jan 19 19:54:55 UTC 2018
#@# Cortical Parc 2 rh Fri Jan 19 19:55:28 UTC 2018
#@# Parcellation Stats 2 lh Fri Jan 19 19:56:02 UTC 2018
#@# Parcellation Stats 2 rh Fri Jan 19 19:57:24 UTC 2018
#@# Cortical Parc 3 lh Fri Jan 19 19:58:41 UTC 2018
#@# Cortical Parc 3 rh Fri Jan 19 19:59:09 UTC 2018
#@# Parcellation Stats 3 lh Fri Jan 19 19:59:35 UTC 2018
#@# Parcellation Stats 3 rh Fri Jan 19 20:00:50 UTC 2018
#@# WM/GM Contrast lh Fri Jan 19 20:02:07 UTC 2018
#@# WM/GM Contrast rh Fri Jan 19 20:02:18 UTC 2018
#@# Relabel Hypointensities Fri Jan 19 20:02:29 UTC 2018
#@# AParc-to-ASeg aparc Fri Jan 19 20:03:07 UTC 2018
#@# AParc-to-ASeg a2009s Fri Jan 19 20:11:55 UTC 2018
#@# AParc-to-ASeg DKTatlas Fri Jan 19 20:20:18 UTC 2018
#@# APas-to-ASeg Fri Jan 19 20:28:40 UTC 2018
#@# ASeg Stats Fri Jan 19 20:28:49 UTC 2018
#@# WMParc Fri Jan 19 20:32:47 UTC 2018
#@# BA_exvivo Labels lh Fri Jan 19 20:50:12 UTC 2018
#@# BA_exvivo Labels rh Fri Jan 19 20:59:23 UTC 2018
recon-all -s 4030 finished without error at Fri Jan 19 21:08:32 UTC 2018
