status file for recon-all
Thu Jan 18 19:46:07 UTC 2018
#@# MotionCor Thu Jan 18 19:47:10 UTC 2018
#@# Talairach Thu Jan 18 19:47:23 UTC 2018
#@# Talairach Failure Detection Thu Jan 18 19:55:48 UTC 2018
#@# Nu Intensity Correction Thu Jan 18 19:55:48 UTC 2018
#@# Intensity Normalization Thu Jan 18 20:06:10 UTC 2018
#@# Skull Stripping Thu Jan 18 20:10:35 UTC 2018
#@# EM Registration Thu Jan 18 20:50:39 UTC 2018
#@# CA Normalize Thu Jan 18 21:33:07 UTC 2018
#@# CA Reg Thu Jan 18 21:36:15 UTC 2018
#@# SubCort Seg Fri Jan 19 03:44:06 UTC 2018
#@# Merge ASeg Fri Jan 19 05:46:03 UTC 2018
#@# Intensity Normalization2 Fri Jan 19 05:46:03 UTC 2018
#@# Mask BFS Fri Jan 19 05:52:33 UTC 2018
#@# WM Segmentation Fri Jan 19 05:52:36 UTC 2018
#@# Fill Fri Jan 19 05:56:16 UTC 2018
#@# Tessellate lh Fri Jan 19 05:57:37 UTC 2018
#@# Tessellate rh Fri Jan 19 05:57:47 UTC 2018
#@# Smooth1 lh Fri Jan 19 05:57:57 UTC 2018
#@# Smooth1 rh Fri Jan 19 05:58:07 UTC 2018
#@# Inflation1 lh Fri Jan 19 05:58:17 UTC 2018
#@# Inflation1 rh Fri Jan 19 05:59:20 UTC 2018
#@# QSphere lh Fri Jan 19 06:00:24 UTC 2018
#@# QSphere rh Fri Jan 19 06:07:04 UTC 2018
#@# Fix Topology Copy lh Fri Jan 19 06:13:50 UTC 2018
#@# Fix Topology Copy rh Fri Jan 19 06:13:50 UTC 2018
#@# Fix Topology lh Fri Jan 19 06:13:50 UTC 2018
#@# Fix Topology rh Fri Jan 19 07:27:46 UTC 2018
#@# Make White Surf lh Fri Jan 19 08:58:53 UTC 2018
#@# Make White Surf rh Fri Jan 19 09:07:59 UTC 2018
#@# Smooth2 lh Fri Jan 19 09:17:34 UTC 2018
#@# Smooth2 rh Fri Jan 19 09:17:43 UTC 2018
#@# Inflation2 lh Fri Jan 19 09:17:52 UTC 2018
#@# Inflation2 rh Fri Jan 19 09:18:57 UTC 2018
#@# Curv .H and .K lh Fri Jan 19 09:20:00 UTC 2018
#@# Curv .H and .K rh Fri Jan 19 09:22:17 UTC 2018
#@# Curvature Stats lh Fri Jan 19 09:24:36 UTC 2018
#@# Curvature Stats rh Fri Jan 19 09:24:42 UTC 2018
#@# Sphere lh Fri Jan 19 09:24:48 UTC 2018
#@# Sphere rh Fri Jan 19 10:48:58 UTC 2018
#@# Surf Reg lh Fri Jan 19 12:21:58 UTC 2018
#@# Surf Reg rh Fri Jan 19 14:06:44 UTC 2018
#@# Jacobian white lh Fri Jan 19 16:09:41 UTC 2018
#@# Jacobian white rh Fri Jan 19 16:09:44 UTC 2018
#@# AvgCurv lh Fri Jan 19 16:09:48 UTC 2018
#@# AvgCurv rh Fri Jan 19 16:09:51 UTC 2018
#@# Cortical Parc lh Fri Jan 19 16:09:53 UTC 2018
#@# Cortical Parc rh Fri Jan 19 16:10:18 UTC 2018
#@# Make Pial Surf lh Fri Jan 19 16:10:44 UTC 2018
#@# Make Pial Surf rh Fri Jan 19 16:36:19 UTC 2018
#@# Surf Volume lh Fri Jan 19 17:02:59 UTC 2018
#@# Surf Volume rh Fri Jan 19 17:03:06 UTC 2018
#@# Cortical ribbon mask Fri Jan 19 17:03:12 UTC 2018
#@# Parcellation Stats lh Fri Jan 19 17:29:24 UTC 2018
#@# Parcellation Stats rh Fri Jan 19 17:31:55 UTC 2018
#@# Cortical Parc 2 lh Fri Jan 19 17:34:29 UTC 2018
#@# Cortical Parc 2 rh Fri Jan 19 17:35:05 UTC 2018
#@# Parcellation Stats 2 lh Fri Jan 19 17:35:39 UTC 2018
#@# Parcellation Stats 2 rh Fri Jan 19 17:37:01 UTC 2018
#@# Cortical Parc 3 lh Fri Jan 19 17:38:27 UTC 2018
#@# Cortical Parc 3 rh Fri Jan 19 17:38:55 UTC 2018
#@# Parcellation Stats 3 lh Fri Jan 19 17:39:24 UTC 2018
#@# Parcellation Stats 3 rh Fri Jan 19 17:40:40 UTC 2018
#@# WM/GM Contrast lh Fri Jan 19 17:42:00 UTC 2018
#@# WM/GM Contrast rh Fri Jan 19 17:42:11 UTC 2018
#@# Relabel Hypointensities Fri Jan 19 17:42:22 UTC 2018
#@# AParc-to-ASeg aparc Fri Jan 19 17:43:02 UTC 2018
#@# AParc-to-ASeg a2009s Fri Jan 19 17:51:57 UTC 2018
#@# AParc-to-ASeg DKTatlas Fri Jan 19 18:00:51 UTC 2018
#@# APas-to-ASeg Fri Jan 19 18:09:33 UTC 2018
#@# ASeg Stats Fri Jan 19 18:09:45 UTC 2018
#@# WMParc Fri Jan 19 18:15:36 UTC 2018
#@# BA_exvivo Labels lh Fri Jan 19 18:34:35 UTC 2018
#@# BA_exvivo Labels rh Fri Jan 19 18:42:56 UTC 2018
recon-all -s 3004 finished without error at Fri Jan 19 18:51:35 UTC 2018
