status file for recon-all
Thu Jan 18 19:46:29 UTC 2018
#@# MotionCor Thu Jan 18 19:47:31 UTC 2018
#@# Talairach Thu Jan 18 19:47:44 UTC 2018
#@# Talairach Failure Detection Thu Jan 18 19:55:22 UTC 2018
#@# Nu Intensity Correction Thu Jan 18 19:55:22 UTC 2018
#@# Intensity Normalization Thu Jan 18 20:04:25 UTC 2018
#@# Skull Stripping Thu Jan 18 20:08:09 UTC 2018
#@# EM Registration Thu Jan 18 20:52:31 UTC 2018
#@# CA Normalize Thu Jan 18 21:21:00 UTC 2018
#@# CA Reg Thu Jan 18 21:24:08 UTC 2018
#@# SubCort Seg Fri Jan 19 03:00:25 UTC 2018
#@# Merge ASeg Fri Jan 19 05:16:06 UTC 2018
#@# Intensity Normalization2 Fri Jan 19 05:16:06 UTC 2018
#@# Mask BFS Fri Jan 19 05:22:02 UTC 2018
#@# WM Segmentation Fri Jan 19 05:22:05 UTC 2018
#@# Fill Fri Jan 19 05:26:16 UTC 2018
#@# Tessellate lh Fri Jan 19 05:27:35 UTC 2018
#@# Tessellate rh Fri Jan 19 05:27:43 UTC 2018
#@# Smooth1 lh Fri Jan 19 05:27:53 UTC 2018
#@# Smooth1 rh Fri Jan 19 05:28:01 UTC 2018
#@# Inflation1 lh Fri Jan 19 05:28:10 UTC 2018
#@# Inflation1 rh Fri Jan 19 05:29:07 UTC 2018
#@# QSphere lh Fri Jan 19 05:30:03 UTC 2018
#@# QSphere rh Fri Jan 19 05:35:44 UTC 2018
#@# Fix Topology Copy lh Fri Jan 19 05:41:39 UTC 2018
#@# Fix Topology Copy rh Fri Jan 19 05:41:39 UTC 2018
#@# Fix Topology lh Fri Jan 19 05:41:39 UTC 2018
#@# Fix Topology rh Fri Jan 19 07:23:41 UTC 2018
#@# Make White Surf lh Fri Jan 19 08:51:52 UTC 2018
#@# Make White Surf rh Fri Jan 19 08:59:07 UTC 2018
#@# Smooth2 lh Fri Jan 19 09:07:37 UTC 2018
#@# Smooth2 rh Fri Jan 19 09:07:45 UTC 2018
#@# Inflation2 lh Fri Jan 19 09:07:53 UTC 2018
#@# Inflation2 rh Fri Jan 19 09:08:45 UTC 2018
#@# Curv .H and .K lh Fri Jan 19 09:09:41 UTC 2018
#@# Curv .H and .K rh Fri Jan 19 09:11:47 UTC 2018
#@# Curvature Stats lh Fri Jan 19 09:13:54 UTC 2018
#@# Curvature Stats rh Fri Jan 19 09:14:00 UTC 2018
#@# Sphere lh Fri Jan 19 09:14:06 UTC 2018
#@# Sphere rh Fri Jan 19 10:32:25 UTC 2018
#@# Surf Reg lh Fri Jan 19 11:57:15 UTC 2018
#@# Surf Reg rh Fri Jan 19 13:59:48 UTC 2018
#@# Jacobian white lh Fri Jan 19 15:58:28 UTC 2018
#@# Jacobian white rh Fri Jan 19 15:58:31 UTC 2018
#@# AvgCurv lh Fri Jan 19 15:58:34 UTC 2018
#@# AvgCurv rh Fri Jan 19 15:58:37 UTC 2018
#@# Cortical Parc lh Fri Jan 19 15:58:39 UTC 2018
#@# Cortical Parc rh Fri Jan 19 15:59:05 UTC 2018
#@# Make Pial Surf lh Fri Jan 19 15:59:28 UTC 2018
#@# Make Pial Surf rh Fri Jan 19 16:20:41 UTC 2018
#@# Surf Volume lh Fri Jan 19 16:42:09 UTC 2018
#@# Surf Volume rh Fri Jan 19 16:42:14 UTC 2018
#@# Cortical ribbon mask Fri Jan 19 16:42:19 UTC 2018
#@# Parcellation Stats lh Fri Jan 19 17:02:06 UTC 2018
#@# Parcellation Stats rh Fri Jan 19 17:04:22 UTC 2018
#@# Cortical Parc 2 lh Fri Jan 19 17:06:32 UTC 2018
#@# Cortical Parc 2 rh Fri Jan 19 17:07:04 UTC 2018
#@# Parcellation Stats 2 lh Fri Jan 19 17:07:35 UTC 2018
#@# Parcellation Stats 2 rh Fri Jan 19 17:08:44 UTC 2018
#@# Cortical Parc 3 lh Fri Jan 19 17:09:53 UTC 2018
#@# Cortical Parc 3 rh Fri Jan 19 17:10:17 UTC 2018
#@# Parcellation Stats 3 lh Fri Jan 19 17:10:40 UTC 2018
#@# Parcellation Stats 3 rh Fri Jan 19 17:11:42 UTC 2018
#@# WM/GM Contrast lh Fri Jan 19 17:12:46 UTC 2018
#@# WM/GM Contrast rh Fri Jan 19 17:12:56 UTC 2018
#@# Relabel Hypointensities Fri Jan 19 17:13:04 UTC 2018
#@# AParc-to-ASeg aparc Fri Jan 19 17:13:40 UTC 2018
#@# AParc-to-ASeg a2009s Fri Jan 19 17:21:56 UTC 2018
#@# AParc-to-ASeg DKTatlas Fri Jan 19 17:30:28 UTC 2018
#@# APas-to-ASeg Fri Jan 19 17:39:11 UTC 2018
#@# ASeg Stats Fri Jan 19 17:39:24 UTC 2018
#@# WMParc Fri Jan 19 17:46:49 UTC 2018
#@# BA_exvivo Labels lh Fri Jan 19 18:04:53 UTC 2018
#@# BA_exvivo Labels rh Fri Jan 19 18:12:56 UTC 2018
recon-all -s 3008 finished without error at Fri Jan 19 18:21:01 UTC 2018
