status file for recon-all
Tue Jan 16 07:25:30 UTC 2018
#@# MotionCor Tue Jan 16 07:25:41 UTC 2018
#@# Talairach Tue Jan 16 07:26:19 UTC 2018
#@# Talairach Failure Detection Tue Jan 16 07:48:43 UTC 2018
#@# Nu Intensity Correction Tue Jan 16 07:48:43 UTC 2018
#@# Intensity Normalization Tue Jan 16 08:21:51 UTC 2018
#@# Skull Stripping Tue Jan 16 08:25:42 UTC 2018
#@# EM Registration Tue Jan 16 08:57:02 UTC 2018
#@# CA Normalize Tue Jan 16 09:32:40 UTC 2018
#@# CA Reg Tue Jan 16 09:35:22 UTC 2018
#@# SubCort Seg Tue Jan 16 15:20:30 UTC 2018
#@# Merge ASeg Tue Jan 16 17:42:17 UTC 2018
#@# Intensity Normalization2 Tue Jan 16 17:42:17 UTC 2018
#@# Mask BFS Tue Jan 16 17:47:55 UTC 2018
#@# WM Segmentation Tue Jan 16 17:47:58 UTC 2018
#@# Fill Tue Jan 16 17:52:41 UTC 2018
#@# Tessellate lh Tue Jan 16 17:53:55 UTC 2018
#@# Tessellate rh Tue Jan 16 17:54:06 UTC 2018
#@# Smooth1 lh Tue Jan 16 17:54:16 UTC 2018
#@# Smooth1 rh Tue Jan 16 17:54:27 UTC 2018
#@# Inflation1 lh Tue Jan 16 17:54:37 UTC 2018
#@# Inflation1 rh Tue Jan 16 17:55:55 UTC 2018
#@# QSphere lh Tue Jan 16 17:57:13 UTC 2018
#@# QSphere rh Tue Jan 16 18:05:29 UTC 2018
#@# Fix Topology Copy lh Tue Jan 16 18:13:06 UTC 2018
#@# Fix Topology Copy rh Tue Jan 16 18:13:07 UTC 2018
#@# Fix Topology lh Tue Jan 16 18:13:07 UTC 2018
#@# Fix Topology rh Tue Jan 16 19:50:12 UTC 2018
#@# Make White Surf lh Tue Jan 16 21:02:01 UTC 2018
#@# Make White Surf rh Tue Jan 16 21:10:35 UTC 2018
#@# Smooth2 lh Tue Jan 16 21:20:07 UTC 2018
#@# Smooth2 rh Tue Jan 16 21:20:16 UTC 2018
#@# Inflation2 lh Tue Jan 16 21:20:26 UTC 2018
#@# Inflation2 rh Tue Jan 16 21:21:34 UTC 2018
#@# Curv .H and .K lh Tue Jan 16 21:22:49 UTC 2018
#@# Curv .H and .K rh Tue Jan 16 21:25:26 UTC 2018
#@# Curvature Stats lh Tue Jan 16 21:27:55 UTC 2018
#@# Curvature Stats rh Tue Jan 16 21:28:02 UTC 2018
#@# Sphere lh Tue Jan 16 21:28:09 UTC 2018
#@# Sphere rh Tue Jan 16 23:00:47 UTC 2018
#@# Surf Reg lh Wed Jan 17 00:26:59 UTC 2018
#@# Surf Reg rh Wed Jan 17 02:21:57 UTC 2018
#@# Jacobian white lh Wed Jan 17 04:35:32 UTC 2018
#@# Jacobian white rh Wed Jan 17 04:35:37 UTC 2018
#@# AvgCurv lh Wed Jan 17 04:35:41 UTC 2018
#@# AvgCurv rh Wed Jan 17 04:35:45 UTC 2018
#@# Cortical Parc lh Wed Jan 17 04:35:49 UTC 2018
#@# Cortical Parc rh Wed Jan 17 04:36:18 UTC 2018
#@# Make Pial Surf lh Wed Jan 17 04:36:46 UTC 2018
#@# Make Pial Surf rh Wed Jan 17 05:03:32 UTC 2018
#@# Surf Volume lh Wed Jan 17 05:30:02 UTC 2018
#@# Surf Volume rh Wed Jan 17 05:30:09 UTC 2018
#@# Cortical ribbon mask Wed Jan 17 05:30:15 UTC 2018
#@# Parcellation Stats lh Wed Jan 17 05:55:20 UTC 2018
#@# Parcellation Stats rh Wed Jan 17 05:57:52 UTC 2018
#@# Cortical Parc 2 lh Wed Jan 17 06:00:29 UTC 2018
#@# Cortical Parc 2 rh Wed Jan 17 06:01:06 UTC 2018
#@# Parcellation Stats 2 lh Wed Jan 17 06:01:41 UTC 2018
#@# Parcellation Stats 2 rh Wed Jan 17 06:03:04 UTC 2018
#@# Cortical Parc 3 lh Wed Jan 17 06:04:27 UTC 2018
#@# Cortical Parc 3 rh Wed Jan 17 06:04:58 UTC 2018
#@# Parcellation Stats 3 lh Wed Jan 17 06:05:26 UTC 2018
#@# Parcellation Stats 3 rh Wed Jan 17 06:06:46 UTC 2018
#@# WM/GM Contrast lh Wed Jan 17 06:08:03 UTC 2018
#@# WM/GM Contrast rh Wed Jan 17 06:08:17 UTC 2018
#@# Relabel Hypointensities Wed Jan 17 06:08:28 UTC 2018
#@# AParc-to-ASeg aparc Wed Jan 17 06:09:12 UTC 2018
#@# AParc-to-ASeg a2009s Wed Jan 17 06:17:20 UTC 2018
#@# AParc-to-ASeg DKTatlas Wed Jan 17 06:25:28 UTC 2018
#@# APas-to-ASeg Wed Jan 17 06:33:30 UTC 2018
#@# ASeg Stats Wed Jan 17 06:33:43 UTC 2018
#@# WMParc Wed Jan 17 06:39:48 UTC 2018
#@# BA_exvivo Labels lh Wed Jan 17 06:58:43 UTC 2018
#@# BA_exvivo Labels rh Wed Jan 17 07:08:13 UTC 2018
recon-all -s 4106 finished without error at Wed Jan 17 07:17:38 UTC 2018
