status file for recon-all
Tue Jan 16 07:27:41 UTC 2018
#@# MotionCor Tue Jan 16 07:28:20 UTC 2018
#@# Talairach Tue Jan 16 07:28:45 UTC 2018
#@# Talairach Failure Detection Tue Jan 16 07:50:13 UTC 2018
#@# Nu Intensity Correction Tue Jan 16 07:50:13 UTC 2018
#@# Intensity Normalization Tue Jan 16 08:20:00 UTC 2018
#@# Skull Stripping Tue Jan 16 08:24:02 UTC 2018
#@# EM Registration Tue Jan 16 08:59:34 UTC 2018
#@# CA Normalize Tue Jan 16 09:26:32 UTC 2018
#@# CA Reg Tue Jan 16 09:29:17 UTC 2018
#@# SubCort Seg Tue Jan 16 15:07:25 UTC 2018
#@# Merge ASeg Tue Jan 16 17:31:28 UTC 2018
#@# Intensity Normalization2 Tue Jan 16 17:31:28 UTC 2018
#@# Mask BFS Tue Jan 16 17:37:13 UTC 2018
#@# WM Segmentation Tue Jan 16 17:37:17 UTC 2018
#@# Fill Tue Jan 16 17:41:23 UTC 2018
#@# Tessellate lh Tue Jan 16 17:42:38 UTC 2018
#@# Tessellate rh Tue Jan 16 17:42:49 UTC 2018
#@# Smooth1 lh Tue Jan 16 17:43:01 UTC 2018
#@# Smooth1 rh Tue Jan 16 17:43:13 UTC 2018
#@# Inflation1 lh Tue Jan 16 17:43:25 UTC 2018
#@# Inflation1 rh Tue Jan 16 17:44:42 UTC 2018
#@# QSphere lh Tue Jan 16 17:46:12 UTC 2018
#@# QSphere rh Tue Jan 16 17:54:39 UTC 2018
#@# Fix Topology Copy lh Tue Jan 16 18:04:02 UTC 2018
#@# Fix Topology Copy rh Tue Jan 16 18:04:02 UTC 2018
#@# Fix Topology lh Tue Jan 16 18:04:02 UTC 2018
#@# Fix Topology rh Tue Jan 16 19:54:12 UTC 2018
#@# Make White Surf lh Tue Jan 16 21:36:42 UTC 2018
#@# Make White Surf rh Tue Jan 16 21:48:27 UTC 2018
#@# Smooth2 lh Tue Jan 16 21:59:50 UTC 2018
#@# Smooth2 rh Tue Jan 16 22:00:01 UTC 2018
#@# Inflation2 lh Tue Jan 16 22:00:11 UTC 2018
#@# Inflation2 rh Tue Jan 16 22:01:26 UTC 2018
#@# Curv .H and .K lh Tue Jan 16 22:02:44 UTC 2018
#@# Curv .H and .K rh Tue Jan 16 22:05:24 UTC 2018
#@# Curvature Stats lh Tue Jan 16 22:08:15 UTC 2018
#@# Curvature Stats rh Tue Jan 16 22:08:23 UTC 2018
#@# Sphere lh Tue Jan 16 22:08:30 UTC 2018
#@# Sphere rh Tue Jan 16 23:50:29 UTC 2018
#@# Surf Reg lh Wed Jan 17 03:08:15 UTC 2018
#@# Surf Reg rh Wed Jan 17 05:37:23 UTC 2018
#@# Jacobian white lh Wed Jan 17 08:22:03 UTC 2018
#@# Jacobian white rh Wed Jan 17 08:22:07 UTC 2018
#@# AvgCurv lh Wed Jan 17 08:22:12 UTC 2018
#@# AvgCurv rh Wed Jan 17 08:22:15 UTC 2018
#@# Cortical Parc lh Wed Jan 17 08:22:18 UTC 2018
#@# Cortical Parc rh Wed Jan 17 08:22:48 UTC 2018
#@# Make Pial Surf lh Wed Jan 17 08:23:17 UTC 2018
#@# Make Pial Surf rh Wed Jan 17 08:55:22 UTC 2018
#@# Surf Volume lh Wed Jan 17 09:28:53 UTC 2018
#@# Surf Volume rh Wed Jan 17 09:29:00 UTC 2018
#@# Cortical ribbon mask Wed Jan 17 09:29:07 UTC 2018
#@# Parcellation Stats lh Wed Jan 17 09:55:18 UTC 2018
#@# Parcellation Stats rh Wed Jan 17 09:58:07 UTC 2018
#@# Cortical Parc 2 lh Wed Jan 17 10:01:00 UTC 2018
#@# Cortical Parc 2 rh Wed Jan 17 10:01:38 UTC 2018
#@# Parcellation Stats 2 lh Wed Jan 17 10:02:16 UTC 2018
#@# Parcellation Stats 2 rh Wed Jan 17 10:03:44 UTC 2018
#@# Cortical Parc 3 lh Wed Jan 17 10:05:18 UTC 2018
#@# Cortical Parc 3 rh Wed Jan 17 10:05:47 UTC 2018
#@# Parcellation Stats 3 lh Wed Jan 17 10:06:17 UTC 2018
#@# Parcellation Stats 3 rh Wed Jan 17 10:07:42 UTC 2018
#@# WM/GM Contrast lh Wed Jan 17 10:09:13 UTC 2018
#@# WM/GM Contrast rh Wed Jan 17 10:09:26 UTC 2018
#@# Relabel Hypointensities Wed Jan 17 10:09:38 UTC 2018
#@# AParc-to-ASeg aparc Wed Jan 17 10:10:19 UTC 2018
#@# AParc-to-ASeg a2009s Wed Jan 17 10:18:48 UTC 2018
#@# AParc-to-ASeg DKTatlas Wed Jan 17 10:27:14 UTC 2018
#@# APas-to-ASeg Wed Jan 17 10:35:42 UTC 2018
#@# ASeg Stats Wed Jan 17 10:35:55 UTC 2018
#@# WMParc Wed Jan 17 10:41:52 UTC 2018
#@# BA_exvivo Labels lh Wed Jan 17 11:01:21 UTC 2018
#@# BA_exvivo Labels rh Wed Jan 17 11:11:24 UTC 2018
recon-all -s 4110 finished without error at Wed Jan 17 11:21:36 UTC 2018
