status file for recon-all
Tue Jan 16 07:26:30 UTC 2018
#@# MotionCor Tue Jan 16 07:28:17 UTC 2018
#@# Talairach Tue Jan 16 07:28:43 UTC 2018
#@# Talairach Failure Detection Tue Jan 16 07:48:43 UTC 2018
#@# Nu Intensity Correction Tue Jan 16 07:48:43 UTC 2018
#@# Intensity Normalization Tue Jan 16 08:20:16 UTC 2018
#@# Skull Stripping Tue Jan 16 08:24:09 UTC 2018
#@# EM Registration Tue Jan 16 09:03:40 UTC 2018
#@# CA Normalize Tue Jan 16 09:36:13 UTC 2018
#@# CA Reg Tue Jan 16 09:38:50 UTC 2018
#@# SubCort Seg Tue Jan 16 14:42:28 UTC 2018
#@# Merge ASeg Tue Jan 16 16:57:49 UTC 2018
#@# Intensity Normalization2 Tue Jan 16 16:57:49 UTC 2018
#@# Mask BFS Tue Jan 16 17:03:08 UTC 2018
#@# WM Segmentation Tue Jan 16 17:03:11 UTC 2018
#@# Fill Tue Jan 16 17:07:27 UTC 2018
#@# Tessellate lh Tue Jan 16 17:08:34 UTC 2018
#@# Tessellate rh Tue Jan 16 17:08:43 UTC 2018
#@# Smooth1 lh Tue Jan 16 17:08:52 UTC 2018
#@# Smooth1 rh Tue Jan 16 17:09:04 UTC 2018
#@# Inflation1 lh Tue Jan 16 17:09:13 UTC 2018
#@# Inflation1 rh Tue Jan 16 17:10:15 UTC 2018
#@# QSphere lh Tue Jan 16 17:11:20 UTC 2018
#@# QSphere rh Tue Jan 16 17:17:57 UTC 2018
#@# Fix Topology Copy lh Tue Jan 16 17:24:58 UTC 2018
#@# Fix Topology Copy rh Tue Jan 16 17:24:58 UTC 2018
#@# Fix Topology lh Tue Jan 16 17:24:58 UTC 2018
#@# Fix Topology rh Tue Jan 16 19:14:48 UTC 2018
#@# Make White Surf lh Tue Jan 16 20:36:48 UTC 2018
#@# Make White Surf rh Tue Jan 16 20:45:26 UTC 2018
#@# Smooth2 lh Tue Jan 16 20:53:57 UTC 2018
#@# Smooth2 rh Tue Jan 16 20:54:07 UTC 2018
#@# Inflation2 lh Tue Jan 16 20:54:16 UTC 2018
#@# Inflation2 rh Tue Jan 16 20:55:28 UTC 2018
#@# Curv .H and .K lh Tue Jan 16 20:56:38 UTC 2018
#@# Curv .H and .K rh Tue Jan 16 20:59:01 UTC 2018
#@# Curvature Stats lh Tue Jan 16 21:01:23 UTC 2018
#@# Curvature Stats rh Tue Jan 16 21:01:30 UTC 2018
#@# Sphere lh Tue Jan 16 21:01:36 UTC 2018
#@# Sphere rh Tue Jan 16 22:41:16 UTC 2018
#@# Surf Reg lh Wed Jan 17 00:14:45 UTC 2018
#@# Surf Reg rh Wed Jan 17 02:22:34 UTC 2018
#@# Jacobian white lh Wed Jan 17 04:41:06 UTC 2018
#@# Jacobian white rh Wed Jan 17 04:41:10 UTC 2018
#@# AvgCurv lh Wed Jan 17 04:41:13 UTC 2018
#@# AvgCurv rh Wed Jan 17 04:41:17 UTC 2018
#@# Cortical Parc lh Wed Jan 17 04:41:20 UTC 2018
#@# Cortical Parc rh Wed Jan 17 04:41:48 UTC 2018
#@# Make Pial Surf lh Wed Jan 17 04:42:17 UTC 2018
#@# Make Pial Surf rh Wed Jan 17 05:08:26 UTC 2018
#@# Surf Volume lh Wed Jan 17 05:34:23 UTC 2018
#@# Surf Volume rh Wed Jan 17 05:34:29 UTC 2018
#@# Cortical ribbon mask Wed Jan 17 05:34:35 UTC 2018
#@# Parcellation Stats lh Wed Jan 17 05:56:47 UTC 2018
#@# Parcellation Stats rh Wed Jan 17 05:59:15 UTC 2018
#@# Cortical Parc 2 lh Wed Jan 17 06:01:57 UTC 2018
#@# Cortical Parc 2 rh Wed Jan 17 06:02:31 UTC 2018
#@# Parcellation Stats 2 lh Wed Jan 17 06:03:08 UTC 2018
#@# Parcellation Stats 2 rh Wed Jan 17 06:04:27 UTC 2018
#@# Cortical Parc 3 lh Wed Jan 17 06:05:47 UTC 2018
#@# Cortical Parc 3 rh Wed Jan 17 06:06:14 UTC 2018
#@# Parcellation Stats 3 lh Wed Jan 17 06:06:46 UTC 2018
#@# Parcellation Stats 3 rh Wed Jan 17 06:08:01 UTC 2018
#@# WM/GM Contrast lh Wed Jan 17 06:09:19 UTC 2018
#@# WM/GM Contrast rh Wed Jan 17 06:09:31 UTC 2018
#@# Relabel Hypointensities Wed Jan 17 06:09:42 UTC 2018
#@# AParc-to-ASeg aparc Wed Jan 17 06:10:27 UTC 2018
#@# AParc-to-ASeg a2009s Wed Jan 17 06:18:43 UTC 2018
#@# AParc-to-ASeg DKTatlas Wed Jan 17 06:27:05 UTC 2018
#@# APas-to-ASeg Wed Jan 17 06:35:41 UTC 2018
#@# ASeg Stats Wed Jan 17 06:35:53 UTC 2018
#@# WMParc Wed Jan 17 06:42:04 UTC 2018
#@# BA_exvivo Labels lh Wed Jan 17 07:01:16 UTC 2018
#@# BA_exvivo Labels rh Wed Jan 17 07:10:28 UTC 2018
recon-all -s 4108 finished without error at Wed Jan 17 07:19:42 UTC 2018
