status file for recon-all
Wed Jan 17 19:37:50 UTC 2018
#@# MotionCor Wed Jan 17 19:37:58 UTC 2018
#@# Talairach Wed Jan 17 19:38:11 UTC 2018
#@# Talairach Failure Detection Wed Jan 17 19:43:16 UTC 2018
#@# Nu Intensity Correction Wed Jan 17 19:43:16 UTC 2018
#@# Intensity Normalization Wed Jan 17 19:54:22 UTC 2018
#@# Skull Stripping Wed Jan 17 19:58:40 UTC 2018
#@# EM Registration Wed Jan 17 20:39:43 UTC 2018
#@# CA Normalize Wed Jan 17 21:19:21 UTC 2018
#@# CA Reg Wed Jan 17 21:22:28 UTC 2018
#@# SubCort Seg Thu Jan 18 03:15:57 UTC 2018
#@# Merge ASeg Thu Jan 18 05:10:44 UTC 2018
#@# Intensity Normalization2 Thu Jan 18 05:10:44 UTC 2018
#@# Mask BFS Thu Jan 18 05:17:13 UTC 2018
#@# WM Segmentation Thu Jan 18 05:17:16 UTC 2018
#@# Fill Thu Jan 18 05:21:04 UTC 2018
#@# Tessellate lh Thu Jan 18 05:22:26 UTC 2018
#@# Tessellate rh Thu Jan 18 05:22:36 UTC 2018
#@# Smooth1 lh Thu Jan 18 05:22:46 UTC 2018
#@# Smooth1 rh Thu Jan 18 05:22:56 UTC 2018
#@# Inflation1 lh Thu Jan 18 05:23:04 UTC 2018
#@# Inflation1 rh Thu Jan 18 05:24:12 UTC 2018
#@# QSphere lh Thu Jan 18 05:25:25 UTC 2018
#@# QSphere rh Thu Jan 18 05:32:14 UTC 2018
#@# Fix Topology Copy lh Thu Jan 18 05:39:51 UTC 2018
#@# Fix Topology Copy rh Thu Jan 18 05:39:51 UTC 2018
#@# Fix Topology lh Thu Jan 18 05:39:51 UTC 2018
#@# Fix Topology rh Thu Jan 18 05:54:24 UTC 2018
#@# Make White Surf lh Thu Jan 18 06:17:30 UTC 2018
#@# Make White Surf rh Thu Jan 18 06:26:28 UTC 2018
#@# Smooth2 lh Thu Jan 18 06:35:03 UTC 2018
#@# Smooth2 rh Thu Jan 18 06:35:12 UTC 2018
#@# Inflation2 lh Thu Jan 18 06:35:21 UTC 2018
#@# Inflation2 rh Thu Jan 18 06:36:25 UTC 2018
#@# Curv .H and .K lh Thu Jan 18 06:37:25 UTC 2018
#@# Curv .H and .K rh Thu Jan 18 06:39:46 UTC 2018
#@# Curvature Stats lh Thu Jan 18 06:42:05 UTC 2018
#@# Curvature Stats rh Thu Jan 18 06:42:12 UTC 2018
#@# Sphere lh Thu Jan 18 06:42:17 UTC 2018
#@# Sphere rh Thu Jan 18 08:04:52 UTC 2018
#@# Surf Reg lh Thu Jan 18 11:04:25 UTC 2018
#@# Surf Reg rh Thu Jan 18 12:57:48 UTC 2018
#@# Jacobian white lh Thu Jan 18 15:04:56 UTC 2018
#@# Jacobian white rh Thu Jan 18 15:05:00 UTC 2018
#@# AvgCurv lh Thu Jan 18 15:05:03 UTC 2018
#@# AvgCurv rh Thu Jan 18 15:05:06 UTC 2018
#@# Cortical Parc lh Thu Jan 18 15:05:09 UTC 2018
#@# Cortical Parc rh Thu Jan 18 15:05:35 UTC 2018
#@# Make Pial Surf lh Thu Jan 18 15:06:01 UTC 2018
#@# Make Pial Surf rh Thu Jan 18 15:31:40 UTC 2018
#@# Surf Volume lh Thu Jan 18 15:56:33 UTC 2018
#@# Surf Volume rh Thu Jan 18 15:56:39 UTC 2018
#@# Cortical ribbon mask Thu Jan 18 15:56:44 UTC 2018
#@# Parcellation Stats lh Thu Jan 18 16:18:39 UTC 2018
#@# Parcellation Stats rh Thu Jan 18 16:21:11 UTC 2018
#@# Cortical Parc 2 lh Thu Jan 18 16:23:46 UTC 2018
#@# Cortical Parc 2 rh Thu Jan 18 16:24:20 UTC 2018
#@# Parcellation Stats 2 lh Thu Jan 18 16:24:54 UTC 2018
#@# Parcellation Stats 2 rh Thu Jan 18 16:26:13 UTC 2018
#@# Cortical Parc 3 lh Thu Jan 18 16:27:29 UTC 2018
#@# Cortical Parc 3 rh Thu Jan 18 16:27:55 UTC 2018
#@# Parcellation Stats 3 lh Thu Jan 18 16:28:20 UTC 2018
#@# Parcellation Stats 3 rh Thu Jan 18 16:29:36 UTC 2018
#@# WM/GM Contrast lh Thu Jan 18 16:30:50 UTC 2018
#@# WM/GM Contrast rh Thu Jan 18 16:31:00 UTC 2018
#@# Relabel Hypointensities Thu Jan 18 16:31:09 UTC 2018
#@# AParc-to-ASeg aparc Thu Jan 18 16:31:47 UTC 2018
#@# AParc-to-ASeg a2009s Thu Jan 18 16:40:01 UTC 2018
#@# AParc-to-ASeg DKTatlas Thu Jan 18 16:48:20 UTC 2018
#@# APas-to-ASeg Thu Jan 18 16:56:32 UTC 2018
#@# ASeg Stats Thu Jan 18 16:56:44 UTC 2018
#@# WMParc Thu Jan 18 17:01:50 UTC 2018
#@# BA_exvivo Labels lh Thu Jan 18 17:19:27 UTC 2018
#@# BA_exvivo Labels rh Thu Jan 18 17:28:24 UTC 2018
recon-all -s 3459 finished without error at Thu Jan 18 17:37:00 UTC 2018
