status file for recon-all
Wed Jan 17 19:39:55 UTC 2018
#@# MotionCor Wed Jan 17 19:40:54 UTC 2018
#@# Talairach Wed Jan 17 19:41:09 UTC 2018
#@# Talairach Failure Detection Wed Jan 17 19:51:14 UTC 2018
#@# Nu Intensity Correction Wed Jan 17 19:51:14 UTC 2018
#@# Intensity Normalization Wed Jan 17 19:58:42 UTC 2018
#@# Skull Stripping Wed Jan 17 20:03:02 UTC 2018
#@# EM Registration Wed Jan 17 20:35:29 UTC 2018
#@# CA Normalize Wed Jan 17 21:04:19 UTC 2018
#@# CA Reg Wed Jan 17 21:07:09 UTC 2018
#@# SubCort Seg Thu Jan 18 02:50:33 UTC 2018
#@# Merge ASeg Thu Jan 18 04:55:16 UTC 2018
#@# Intensity Normalization2 Thu Jan 18 04:55:16 UTC 2018
#@# Mask BFS Thu Jan 18 05:01:27 UTC 2018
#@# WM Segmentation Thu Jan 18 05:01:29 UTC 2018
#@# Fill Thu Jan 18 05:05:13 UTC 2018
#@# Tessellate lh Thu Jan 18 05:06:34 UTC 2018
#@# Tessellate rh Thu Jan 18 05:06:44 UTC 2018
#@# Smooth1 lh Thu Jan 18 05:06:54 UTC 2018
#@# Smooth1 rh Thu Jan 18 05:07:03 UTC 2018
#@# Inflation1 lh Thu Jan 18 05:07:12 UTC 2018
#@# Inflation1 rh Thu Jan 18 05:08:18 UTC 2018
#@# QSphere lh Thu Jan 18 05:09:28 UTC 2018
#@# QSphere rh Thu Jan 18 05:16:38 UTC 2018
#@# Fix Topology Copy lh Thu Jan 18 05:24:24 UTC 2018
#@# Fix Topology Copy rh Thu Jan 18 05:24:24 UTC 2018
#@# Fix Topology lh Thu Jan 18 05:24:24 UTC 2018
#@# Fix Topology rh Thu Jan 18 05:48:19 UTC 2018
#@# Make White Surf lh Thu Jan 18 06:21:01 UTC 2018
#@# Make White Surf rh Thu Jan 18 06:29:54 UTC 2018
#@# Smooth2 lh Thu Jan 18 06:38:56 UTC 2018
#@# Smooth2 rh Thu Jan 18 06:39:05 UTC 2018
#@# Inflation2 lh Thu Jan 18 06:39:15 UTC 2018
#@# Inflation2 rh Thu Jan 18 06:40:21 UTC 2018
#@# Curv .H and .K lh Thu Jan 18 06:41:21 UTC 2018
#@# Curv .H and .K rh Thu Jan 18 06:43:43 UTC 2018
#@# Curvature Stats lh Thu Jan 18 06:46:07 UTC 2018
#@# Curvature Stats rh Thu Jan 18 06:46:14 UTC 2018
#@# Sphere lh Thu Jan 18 06:46:21 UTC 2018
#@# Sphere rh Thu Jan 18 07:59:39 UTC 2018
#@# Surf Reg lh Thu Jan 18 09:28:54 UTC 2018
#@# Surf Reg rh Thu Jan 18 11:41:01 UTC 2018
#@# Jacobian white lh Thu Jan 18 14:11:59 UTC 2018
#@# Jacobian white rh Thu Jan 18 14:12:04 UTC 2018
#@# AvgCurv lh Thu Jan 18 14:12:08 UTC 2018
#@# AvgCurv rh Thu Jan 18 14:12:11 UTC 2018
#@# Cortical Parc lh Thu Jan 18 14:12:14 UTC 2018
#@# Cortical Parc rh Thu Jan 18 14:12:44 UTC 2018
#@# Make Pial Surf lh Thu Jan 18 14:13:13 UTC 2018
#@# Make Pial Surf rh Thu Jan 18 14:39:57 UTC 2018
#@# Surf Volume lh Thu Jan 18 15:06:50 UTC 2018
#@# Surf Volume rh Thu Jan 18 15:06:57 UTC 2018
#@# Cortical ribbon mask Thu Jan 18 15:07:03 UTC 2018
#@# Parcellation Stats lh Thu Jan 18 15:30:42 UTC 2018
#@# Parcellation Stats rh Thu Jan 18 15:33:13 UTC 2018
#@# Cortical Parc 2 lh Thu Jan 18 15:35:43 UTC 2018
#@# Cortical Parc 2 rh Thu Jan 18 15:36:18 UTC 2018
#@# Parcellation Stats 2 lh Thu Jan 18 15:36:52 UTC 2018
#@# Parcellation Stats 2 rh Thu Jan 18 15:38:12 UTC 2018
#@# Cortical Parc 3 lh Thu Jan 18 15:39:28 UTC 2018
#@# Cortical Parc 3 rh Thu Jan 18 15:39:56 UTC 2018
#@# Parcellation Stats 3 lh Thu Jan 18 15:40:23 UTC 2018
#@# Parcellation Stats 3 rh Thu Jan 18 15:41:35 UTC 2018
#@# WM/GM Contrast lh Thu Jan 18 15:42:50 UTC 2018
#@# WM/GM Contrast rh Thu Jan 18 15:43:01 UTC 2018
#@# Relabel Hypointensities Thu Jan 18 15:43:11 UTC 2018
#@# AParc-to-ASeg aparc Thu Jan 18 15:43:51 UTC 2018
#@# AParc-to-ASeg a2009s Thu Jan 18 15:51:56 UTC 2018
#@# AParc-to-ASeg DKTatlas Thu Jan 18 15:59:59 UTC 2018
#@# APas-to-ASeg Thu Jan 18 16:08:18 UTC 2018
#@# ASeg Stats Thu Jan 18 16:08:29 UTC 2018
#@# WMParc Thu Jan 18 16:14:00 UTC 2018
#@# BA_exvivo Labels lh Thu Jan 18 16:32:36 UTC 2018
#@# BA_exvivo Labels rh Thu Jan 18 16:41:34 UTC 2018
recon-all -s 3468 finished without error at Thu Jan 18 16:50:30 UTC 2018
